<?xml version="1.0" encoding="UTF-8"?>
<testng-results skipped="0" failed="1" ignored="0" total="1" passed="0">
  <reporter-output>
  </reporter-output>
<<<<<<< HEAD
  <suite name="Default suite" duration-ms="78675" started-at="2018-05-04T18:22:37Z" finished-at="2018-05-04T18:23:55Z">
    <groups>
    </groups>
    <test name="Default test" duration-ms="78675" started-at="2018-05-04T18:22:37Z" finished-at="2018-05-04T18:23:55Z">
      <class name="com.dac.testcases.VisibilityTest">
        <test-method status="PASS" signature="reportSetup()[pri:0, instance:com.dac.testcases.VisibilityTest@3abbfa04]" name="reportSetup" is-config="true" duration-ms="167" started-at="2018-05-04T18:22:37Z" finished-at="2018-05-04T18:22:37Z">
          <reporter-output>
          </reporter-output>
        </test-method> <!-- reportSetup -->
        <test-method status="PASS" signature="generateNode(java.lang.String)[pri:0, instance:com.dac.testcases.VisibilityTest@3abbfa04]" name="generateNode" is-config="true" duration-ms="9" started-at="2018-05-04T18:22:37Z" finished-at="2018-05-04T18:22:37Z">
=======
  <suite name="Default suite" duration-ms="68160" started-at="2018-05-10T10:04:19Z" finished-at="2018-05-10T10:05:27Z">
    <groups>
    </groups>
    <test name="Default test" duration-ms="68160" started-at="2018-05-10T10:04:19Z" finished-at="2018-05-10T10:05:27Z">
      <class name="com.dac.testcases.Verify_Camp_Procesed">
        <test-method status="PASS" signature="reportSetup()[pri:0, instance:com.dac.testcases.Verify_Camp_Procesed@72d818d1]" name="reportSetup" is-config="true" duration-ms="205" started-at="2018-05-10T10:04:19Z" finished-at="2018-05-10T10:04:19Z">
          <reporter-output>
          </reporter-output>
        </test-method> <!-- reportSetup -->
        <test-method status="PASS" signature="generateNode(java.lang.String)[pri:0, instance:com.dac.testcases.Verify_Camp_Procesed@72d818d1]" name="generateNode" is-config="true" duration-ms="3" started-at="2018-05-10T10:04:19Z" finished-at="2018-05-10T10:04:19Z">
>>>>>>> 1ebf5ee54f24fb2a001f9969f7cf6a9c483bfcda
          <params>
            <param index="0">
              <value>
                <![CDATA[Chrome]]>
              </value>
            </param>
          </params>
<<<<<<< HEAD
          <reporter-output>
          </reporter-output>
        </test-method> <!-- generateNode -->
        <test-method status="PASS" signature="setup(java.lang.String)[pri:0, instance:com.dac.testcases.VisibilityTest@3abbfa04]" name="setup" is-config="true" duration-ms="12917" started-at="2018-05-04T18:22:37Z" finished-at="2018-05-04T18:22:50Z">
          <params>
            <param index="0">
              <value>
                <![CDATA[Chrome]]>
              </value>
            </param>
          </params>
          <reporter-output>
          </reporter-output>
        </test-method> <!-- setup -->
        <test-method status="PASS" signature="veriy_DashboardKPIScore()[pri:1, instance:com.dac.testcases.VisibilityTest@3abbfa04]" name="veriy_DashboardKPIScore" duration-ms="21418" started-at="2018-05-04T18:22:50Z" finished-at="2018-05-04T18:23:11Z">
          <reporter-output>
          </reporter-output>
        </test-method> <!-- veriy_DashboardKPIScore -->
        <test-method status="PASS" signature="generateReport(org.testng.ITestResult)[pri:0, instance:com.dac.testcases.VisibilityTest@3abbfa04]" name="generateReport" is-config="true" duration-ms="1" started-at="2018-05-04T18:23:11Z" finished-at="2018-05-04T18:23:11Z">
          <params>
            <param index="0">
              <value>
                <![CDATA[[TestResult name=veriy_DashboardKPIScore status=SUCCESS method=VisibilityTest.veriy_DashboardKPIScore()[pri:1, instance:com.dac.testcases.VisibilityTest@3abbfa04] output={null}]]]>
=======
          <reporter-output>
          </reporter-output>
        </test-method> <!-- generateNode -->
        <test-method status="PASS" signature="setup(java.lang.String)[pri:0, instance:com.dac.testcases.Verify_Camp_Procesed@72d818d1]" name="setup" is-config="true" duration-ms="12706" started-at="2018-05-10T10:04:19Z" finished-at="2018-05-10T10:04:32Z">
          <params>
            <param index="0">
              <value>
                <![CDATA[Chrome]]>
>>>>>>> 1ebf5ee54f24fb2a001f9969f7cf6a9c483bfcda
              </value>
            </param>
          </params>
          <reporter-output>
          </reporter-output>
<<<<<<< HEAD
        </test-method> <!-- generateReport -->
        <test-method status="FAIL" signature="veriy_VisibilityReport()[pri:2, instance:com.dac.testcases.VisibilityTest@3abbfa04]" name="veriy_VisibilityReport" duration-ms="43344" started-at="2018-05-04T18:23:11Z" finished-at="2018-05-04T18:23:55Z">
          <exception class="org.openqa.selenium.NoSuchElementException">
            <message>
              <![CDATA[no such element: Unable to locate element: {"method":"css selector","selector":"div.highcharts-label.highcharts-tooltip>span>span:nth-child(2)"}
  (Session info: chrome=66.0.3359.139)
  (Driver info: chromedriver=2.37.544315 (730aa6a5fdba159ac9f4c1e8cbc59bf1b5ce12b7),platform=Windows NT 10.0.16299 x86_64) (WARNING: The server did not provide any stacktrace information)
Command duration or timeout: 0 milliseconds
For documentation on this error, please visit: http://seleniumhq.org/exceptions/no_such_element.html
Build info: version: '3.11.0', revision: 'e59cfb3', time: '2018-03-11T20:26:55.152Z'
System info: host: 'LAPWINX-DAC8', ip: '192.168.10.17', os.name: 'Windows 10', os.arch: 'amd64', os.version: '10.0', java.version: '1.8.0_161'
Driver info: org.openqa.selenium.chrome.ChromeDriver
Capabilities {acceptInsecureCerts: false, acceptSslCerts: false, applicationCacheEnabled: false, browserConnectionEnabled: false, browserName: chrome, chrome: {chromedriverVersion: 2.37.544315 (730aa6a5fdba15..., userDataDir: C:\Users\rahuln\AppData\Loc...}, cssSelectorsEnabled: true, databaseEnabled: false, handlesAlerts: true, hasTouchScreen: false, javascriptEnabled: true, locationContextEnabled: true, mobileEmulationEnabled: false, nativeEvents: true, networkConnectionEnabled: false, pageLoadStrategy: normal, platform: XP, platformName: XP, rotatable: false, setWindowRect: true, takesHeapSnapshot: true, takesScreenshot: true, unexpectedAlertBehaviour: , unhandledPromptBehavior: , version: 66.0.3359.139, webStorageEnabled: true}
Session ID: 2f2d9d48438d7b0c1e3127f7a06aabe0
*** Element info: {Using=css selector, value=div.highcharts-label.highcharts-tooltip>span>span:nth-child(2)}]]>
            </message>
            <full-stacktrace>
              <![CDATA[org.openqa.selenium.NoSuchElementException: no such element: Unable to locate element: {"method":"css selector","selector":"div.highcharts-label.highcharts-tooltip>span>span:nth-child(2)"}
  (Session info: chrome=66.0.3359.139)
  (Driver info: chromedriver=2.37.544315 (730aa6a5fdba159ac9f4c1e8cbc59bf1b5ce12b7),platform=Windows NT 10.0.16299 x86_64) (WARNING: The server did not provide any stacktrace information)
Command duration or timeout: 0 milliseconds
For documentation on this error, please visit: http://seleniumhq.org/exceptions/no_such_element.html
Build info: version: '3.11.0', revision: 'e59cfb3', time: '2018-03-11T20:26:55.152Z'
System info: host: 'LAPWINX-DAC8', ip: '192.168.10.17', os.name: 'Windows 10', os.arch: 'amd64', os.version: '10.0', java.version: '1.8.0_161'
Driver info: org.openqa.selenium.chrome.ChromeDriver
Capabilities {acceptInsecureCerts: false, acceptSslCerts: false, applicationCacheEnabled: false, browserConnectionEnabled: false, browserName: chrome, chrome: {chromedriverVersion: 2.37.544315 (730aa6a5fdba15..., userDataDir: C:\Users\rahuln\AppData\Loc...}, cssSelectorsEnabled: true, databaseEnabled: false, handlesAlerts: true, hasTouchScreen: false, javascriptEnabled: true, locationContextEnabled: true, mobileEmulationEnabled: false, nativeEvents: true, networkConnectionEnabled: false, pageLoadStrategy: normal, platform: XP, platformName: XP, rotatable: false, setWindowRect: true, takesHeapSnapshot: true, takesScreenshot: true, unexpectedAlertBehaviour: , unhandledPromptBehavior: , version: 66.0.3359.139, webStorageEnabled: true}
Session ID: 2f2d9d48438d7b0c1e3127f7a06aabe0
*** Element info: {Using=css selector, value=div.highcharts-label.highcharts-tooltip>span>span:nth-child(2)}
at sun.reflect.NativeConstructorAccessorImpl.newInstance0(Native Method)
at sun.reflect.NativeConstructorAccessorImpl.newInstance(Unknown Source)
at sun.reflect.DelegatingConstructorAccessorImpl.newInstance(Unknown Source)
at java.lang.reflect.Constructor.newInstance(Unknown Source)
at org.openqa.selenium.remote.ErrorHandler.createThrowable(ErrorHandler.java:214)
at org.openqa.selenium.remote.ErrorHandler.throwIfResponseFailed(ErrorHandler.java:166)
at org.openqa.selenium.remote.http.JsonHttpResponseCodec.reconstructValue(JsonHttpResponseCodec.java:40)
at org.openqa.selenium.remote.http.AbstractHttpResponseCodec.decode(AbstractHttpResponseCodec.java:80)
at org.openqa.selenium.remote.http.AbstractHttpResponseCodec.decode(AbstractHttpResponseCodec.java:44)
at org.openqa.selenium.remote.HttpCommandExecutor.execute(HttpCommandExecutor.java:158)
at org.openqa.selenium.remote.service.DriverCommandExecutor.execute(DriverCommandExecutor.java:83)
at org.openqa.selenium.remote.RemoteWebDriver.execute(RemoteWebDriver.java:545)
at org.openqa.selenium.remote.RemoteWebDriver.findElement(RemoteWebDriver.java:319)
at org.openqa.selenium.remote.RemoteWebDriver.findElementByCssSelector(RemoteWebDriver.java:413)
at org.openqa.selenium.By$ByCssSelector.findElement(By.java:430)
at org.openqa.selenium.remote.RemoteWebDriver.findElement(RemoteWebDriver.java:311)
at org.openqa.selenium.support.pagefactory.DefaultElementLocator.findElement(DefaultElementLocator.java:69)
at org.openqa.selenium.support.pagefactory.internal.LocatingElementHandler.invoke(LocatingElementHandler.java:38)
at com.sun.proxy.$Proxy14.getText(Unknown Source)
at com.dac.testcases.VisibilityTest.veriy_VisibilityReport(VisibilityTest.java:83)
=======
        </test-method> <!-- setup -->
        <test-method status="FAIL" signature="Processed_Camp_Test()[pri:0, instance:com.dac.testcases.Verify_Camp_Procesed@72d818d1]" name="Processed_Camp_Test" duration-ms="54601" started-at="2018-05-10T10:04:32Z" finished-at="2018-05-10T10:05:26Z">
          <exception class="com.jacob.com.ComFailException">
            <message>
              <![CDATA[Can't co-create object]]>
            </message>
            <full-stacktrace>
              <![CDATA[com.jacob.com.ComFailException: Can't co-create object
at com.jacob.com.Dispatch.createInstanceNative(Native Method)
at com.jacob.com.Dispatch.<init>(Dispatch.java:99)
at com.jacob.activeX.ActiveXComponent.<init>(ActiveXComponent.java:58)
at autoitx4java.AutoItX.<init>(AutoItX.java:181)
at com.dac.testcases.Verify_Camp_Procesed.Processed_Camp_Test(Verify_Camp_Procesed.java:50)
>>>>>>> 1ebf5ee54f24fb2a001f9969f7cf6a9c483bfcda
at sun.reflect.NativeMethodAccessorImpl.invoke0(Native Method)
at sun.reflect.NativeMethodAccessorImpl.invoke(NativeMethodAccessorImpl.java:62)
at sun.reflect.DelegatingMethodAccessorImpl.invoke(DelegatingMethodAccessorImpl.java:43)
at java.lang.reflect.Method.invoke(Method.java:498)
at org.testng.internal.MethodInvocationHelper.invokeMethod(MethodInvocationHelper.java:124)
at org.testng.internal.Invoker.invokeMethod(Invoker.java:583)
at org.testng.internal.Invoker.invokeTestMethod(Invoker.java:719)
at org.testng.internal.Invoker.invokeTestMethods(Invoker.java:989)
at org.testng.internal.TestMethodWorker.invokeTestMethods(TestMethodWorker.java:125)
at org.testng.internal.TestMethodWorker.run(TestMethodWorker.java:109)
at org.testng.TestRunner.privateRun(TestRunner.java:648)
at org.testng.TestRunner.run(TestRunner.java:505)
at org.testng.SuiteRunner.runTest(SuiteRunner.java:455)
at org.testng.SuiteRunner.runSequentially(SuiteRunner.java:450)
at org.testng.SuiteRunner.privateRun(SuiteRunner.java:415)
at org.testng.SuiteRunner.run(SuiteRunner.java:364)
at org.testng.SuiteRunnerWorker.runSuite(SuiteRunnerWorker.java:52)
at org.testng.SuiteRunnerWorker.run(SuiteRunnerWorker.java:84)
at org.testng.TestNG.runSuitesSequentially(TestNG.java:1208)
at org.testng.TestNG.runSuitesLocally(TestNG.java:1137)
at org.testng.TestNG.runSuites(TestNG.java:1049)
at org.testng.TestNG.run(TestNG.java:1017)
at org.testng.remote.AbstractRemoteTestNG.run(AbstractRemoteTestNG.java:114)
at org.testng.remote.RemoteTestNG.initAndRun(RemoteTestNG.java:251)
at org.testng.remote.RemoteTestNG.main(RemoteTestNG.java:77)
]]>
            </full-stacktrace>
          </exception> <!-- com.jacob.com.ComFailException -->
          <reporter-output>
          </reporter-output>
<<<<<<< HEAD
        </test-method> <!-- veriy_VisibilityReport -->
        <test-method status="PASS" signature="generateReport(org.testng.ITestResult)[pri:0, instance:com.dac.testcases.VisibilityTest@3abbfa04]" name="generateReport" is-config="true" duration-ms="408" started-at="2018-05-04T18:23:55Z" finished-at="2018-05-04T18:23:55Z">
          <params>
            <param index="0">
              <value>
                <![CDATA[[TestResult name=veriy_VisibilityReport status=FAILURE method=VisibilityTest.veriy_VisibilityReport()[pri:2, instance:com.dac.testcases.VisibilityTest@3abbfa04] output={null}]]]>
=======
        </test-method> <!-- Processed_Camp_Test -->
        <test-method status="PASS" signature="generateReport(org.testng.ITestResult)[pri:0, instance:com.dac.testcases.Verify_Camp_Procesed@72d818d1]" name="generateReport" is-config="true" duration-ms="411" started-at="2018-05-10T10:05:26Z" finished-at="2018-05-10T10:05:27Z">
          <params>
            <param index="0">
              <value>
                <![CDATA[[TestResult name=Processed_Camp_Test status=FAILURE method=Verify_Camp_Procesed.Processed_Camp_Test()[pri:0, instance:com.dac.testcases.Verify_Camp_Procesed@72d818d1] output={null}]]]>
>>>>>>> 1ebf5ee54f24fb2a001f9969f7cf6a9c483bfcda
              </value>
            </param>
          </params>
          <reporter-output>
          </reporter-output>
        </test-method> <!-- generateReport -->
<<<<<<< HEAD
        <test-method status="PASS" signature="closenode()[pri:0, instance:com.dac.testcases.VisibilityTest@3abbfa04]" name="closenode" is-config="true" duration-ms="551" started-at="2018-05-04T18:23:55Z" finished-at="2018-05-04T18:23:55Z">
          <reporter-output>
          </reporter-output>
        </test-method> <!-- closenode -->
      </class> <!-- com.dac.testcases.VisibilityTest -->
=======
        <test-method status="PASS" signature="closenode()[pri:0, instance:com.dac.testcases.Verify_Camp_Procesed@72d818d1]" name="closenode" is-config="true" duration-ms="403" started-at="2018-05-10T10:05:27Z" finished-at="2018-05-10T10:05:27Z">
          <reporter-output>
          </reporter-output>
        </test-method> <!-- closenode -->
      </class> <!-- com.dac.testcases.Verify_Camp_Procesed -->
>>>>>>> 1ebf5ee54f24fb2a001f9969f7cf6a9c483bfcda
    </test> <!-- Default test -->
  </suite> <!-- Default suite -->
</testng-results>
